<?xml version="1.0" encoding="UTF-8"?>
<!-- Generated by org.testng.reporters.JUnitReportReporter -->
<testsuite skipped="0" hostname="DESKTOP-ADGCHK6" name="com.ebanking.master.RoleNg" tests="3" failures="0" timestamp="2024-04-03T19:11:47 IST" time="52.049" errors="0">
  <testcase name="Rol" time="18.552" classname="com.ebanking.master.RoleNg"/>
  <system-out/>
  <testcase name="Rol" time="20.606" classname="com.ebanking.master.RoleNg"/>
  <system-out/>
  <testcase name="Rol" time="12.891" classname="com.ebanking.master.RoleNg"/>
  <system-out/>
</testsuite> <!-- com.ebanking.master.RoleNg -->
