<?xml version="1.0" encoding="UTF-8"?>
<!-- Generated by org.testng.reporters.JUnitReportReporter -->
<testsuite skipped="0" hostname="DESKTOP-ADGCHK6" name="com.ebanking.scripts.SampleNg" tests="2" failures="0" timestamp="2024-03-29T19:30:28 IST" time="47.918" errors="0">
  <testcase name="abc" time="16.457" classname="com.ebanking.scripts.SampleNg"/>
  <system-out/>
  <testcase name="bcd" time="31.461" classname="com.ebanking.scripts.SampleNg"/>
  <system-out/>
</testsuite> <!-- com.ebanking.scripts.SampleNg -->
