<?xml version="1.0" encoding="UTF-8"?>
<!-- Generated by org.testng.reporters.JUnitReportReporter -->
<testsuite skipped="0" hostname="DESKTOP-ADGCHK6" name="com.ebanking.master.BranchNg" tests="1" failures="0" timestamp="2024-04-03T19:11:47 IST" time="34.650" errors="0">
  <testcase name="Br" time="34.650" classname="com.ebanking.master.BranchNg"/>
  <system-out/>
</testsuite> <!-- com.ebanking.master.BranchNg -->
